This file contains any messages produced by compilers while
running configure, to aid debugging if configure makes a mistake.

It was created by pack configure 0.0.0, which was
generated by GNU Autoconf 2.69.  Invocation command line was

  $ ./configure 

## --------- ##
## Platform. ##
## --------- ##

hostname = vbUbuntu
uname -m = x86_64
uname -r = 5.15.0-43-generic
uname -s = Linux
uname -v = #46~20.04.1-Ubuntu SMP Thu Jul 14 15:20:17 UTC 2022

/usr/bin/uname -p = x86_64
/bin/uname -X     = unknown

/bin/arch              = x86_64
/usr/bin/arch -k       = unknown
/usr/convex/getsysinfo = unknown
/usr/bin/hostinfo      = unknown
/bin/machine           = unknown
/usr/bin/oslevel       = unknown
/bin/universe          = unknown

PATH: /usr/local/sbin
PATH: /usr/local/bin
PATH: /usr/sbin
PATH: /usr/bin
PATH: /sbin
PATH: /bin
PATH: /usr/games
PATH: /usr/local/games
PATH: /snap/bin


## ----------- ##
## Core tests. ##
## ----------- ##

configure:2326: checking for a BSD-compatible install
configure:2394: result: /usr/bin/install -c
configure:2405: checking whether build environment is sane
configure:2460: result: yes
configure:2609: checking for a thread-safe mkdir -p
configure:2648: result: /usr/bin/mkdir -p
configure:2655: checking for gawk
configure:2685: result: no
configure:2655: checking for mawk
configure:2671: found /usr/bin/mawk
configure:2682: result: mawk
configure:2693: checking whether make sets $(MAKE)
configure:2715: result: yes
configure:2744: checking whether make supports nested variables
configure:2761: result: yes
configure:2940: checking for gcc
configure:2956: found /usr/bin/gcc
configure:2967: result: gcc
configure:3196: checking for C compiler version
configure:3205: gcc --version >&5
gcc (Ubuntu 9.4.0-1ubuntu1~20.04.1) 9.4.0
Copyright (C) 2019 Free Software Foundation, Inc.
This is free software; see the source for copying conditions.  There is NO
warranty; not even for MERCHANTABILITY or FITNESS FOR A PARTICULAR PURPOSE.

configure:3216: $? = 0
configure:3205: gcc -v >&5
Using built-in specs.
COLLECT_GCC=gcc
COLLECT_LTO_WRAPPER=/usr/lib/gcc/x86_64-linux-gnu/9/lto-wrapper
OFFLOAD_TARGET_NAMES=nvptx-none:hsa
OFFLOAD_TARGET_DEFAULT=1
Target: x86_64-linux-gnu
Configured with: ../src/configure -v --with-pkgversion='Ubuntu 9.4.0-1ubuntu1~20.04.1' --with-bugurl=file:///usr/share/doc/gcc-9/README.Bugs --enable-languages=c,ada,c++,go,brig,d,fortran,objc,obj-c++,gm2 --prefix=/usr --with-gcc-major-version-only --program-suffix=-9 --program-prefix=x86_64-linux-gnu- --enable-shared --enable-linker-build-id --libexecdir=/usr/lib --without-included-gettext --enable-threads=posix --libdir=/usr/lib --enable-nls --enable-clocale=gnu --enable-libstdcxx-debug --enable-libstdcxx-time=yes --with-default-libstdcxx-abi=new --enable-gnu-unique-object --disable-vtable-verify --enable-plugin --enable-default-pie --with-system-zlib --with-target-system-zlib=auto --enable-objc-gc=auto --enable-multiarch --disable-werror --with-arch-32=i686 --with-abi=m64 --with-multilib-list=m32,m64,mx32 --enable-multilib --with-tune=generic --enable-offload-targets=nvptx-none=/build/gcc-9-Av3uEd/gcc-9-9.4.0/debian/tmp-nvptx/usr,hsa --without-cuda-driver --enable-checking=release --build=x86_64-linux-gnu --host=x86_64-linux-gnu --target=x86_64-linux-gnu
Thread model: posix
gcc version 9.4.0 (Ubuntu 9.4.0-1ubuntu1~20.04.1) 
configure:3216: $? = 0
configure:3205: gcc -V >&5
gcc: error: unrecognized command line option '-V'
gcc: fatal error: no input files
compilation terminated.
configure:3216: $? = 1
configure:3205: gcc -qversion >&5
gcc: error: unrecognized command line option '-qversion'; did you mean '--version'?
gcc: fatal error: no input files
compilation terminated.
configure:3216: $? = 1
configure:3236: checking whether the C compiler works
configure:3258: gcc    conftest.c  >&5
configure:3262: $? = 0
configure:3310: result: yes
configure:3313: checking for C compiler default output file name
configure:3315: result: a.out
configure:3321: checking for suffix of executables
configure:3328: gcc -o conftest    conftest.c  >&5
configure:3332: $? = 0
configure:3354: result: 
configure:3376: checking whether we are cross compiling
configure:3384: gcc -o conftest    conftest.c  >&5
configure:3388: $? = 0
configure:3395: ./conftest
configure:3399: $? = 0
configure:3387: result: no
configure:3392: checking for suffix of object files
configure:3414: gcc -c   conftest.c >&5
configure:3418: $? = 0
configure:3439: result: o
configure:3443: checking whether we are using the GNU C compiler
configure:3462: gcc -c   conftest.c >&5
configure:3462: $? = 0
configure:3471: result: yes
configure:3480: checking whether gcc accepts -g
configure:3500: gcc -c -g  conftest.c >&5
configure:3500: $? = 0
configure:3541: result: yes
configure:3558: checking for gcc option to accept ISO C89
configure:3621: gcc  -c -g -O2  conftest.c >&5
configure:3621: $? = 0
configure:3634: result: none needed
configure:3659: checking whether gcc understands -c and -o together
configure:3681: gcc -c conftest.c -o conftest2.o
configure:3684: $? = 0
configure:3681: gcc -c conftest.c -o conftest2.o
configure:3684: $? = 0
configure:3696: result: yes
configure:3716: checking whether make supports the include directive
configure:3731: make -f confmf.GNU && cat confinc.out
this is the am__doit target
configure:3734: $? = 0
configure:3753: result: yes (GNU style)
configure:3778: checking dependency style of gcc
configure:3889: result: gcc3
configure:3909: checking build system type
configure:3923: result: x86_64-pc-linux-gnu
configure:3943: checking host system type
configure:3956: result: x86_64-pc-linux-gnu
configure:4024: checking how to print strings
configure:4051: result: printf
configure:4072: checking for a sed that does not truncate output
configure:4136: result: /usr/bin/sed
configure:4154: checking for grep that handles long lines and -e
configure:4212: result: /usr/bin/grep
configure:4217: checking for egrep
configure:4279: result: /usr/bin/grep -E
configure:4284: checking for fgrep
configure:4346: result: /usr/bin/grep -F
configure:4381: checking for ld used by gcc
configure:4448: result: /usr/bin/ld
configure:4455: checking if the linker (/usr/bin/ld) is GNU ld
configure:4470: result: yes
configure:4482: checking for BSD- or MS-compatible name lister (nm)
configure:4536: result: /usr/bin/nm -B
configure:4666: checking the name lister (/usr/bin/nm -B) interface
configure:4673: gcc -c -g -O2  conftest.c >&5
configure:4676: /usr/bin/nm -B "conftest.o"
configure:4679: output
0000000000000000 B some_variable
configure:4680: result: BSD nm
configure:4683: checking whether ln -s works
configure:4687: result: yes
configure:4695: checking the maximum length of command line arguments
configure:4826: result: 1572864
configure:4874: checking how to convert x86_64-pc-linux-gnu file names to x86_64-pc-linux-gnu format
configure:4914: result: func_convert_file_noop
configure:4921: checking how to convert x86_64-pc-linux-gnu file names to toolchain format
configure:4941: result: func_convert_file_noop
configure:4948: checking for /usr/bin/ld option to reload object files
configure:4955: result: -r
configure:5029: checking for objdump
configure:5045: found /usr/bin/objdump
configure:5056: result: objdump
configure:5088: checking how to recognize dependent libraries
configure:5288: result: pass_all
configure:5373: checking for dlltool
configure:5403: result: no
configure:5433: checking how to associate runtime and link libraries
configure:5460: result: printf %s\n
configure:5521: checking for ar
configure:5537: found /usr/bin/ar
configure:5548: result: ar
configure:5585: checking for archiver @FILE support
configure:5602: gcc -c -g -O2  conftest.c >&5
configure:5602: $? = 0
configure:5605: ar cr libconftest.a @conftest.lst >&5
configure:5608: $? = 0
configure:5613: ar cr libconftest.a @conftest.lst >&5
ar: conftest.o: No such file or directory
configure:5616: $? = 1
configure:5615: result: @
configure:5673: checking for strip
configure:5689: found /usr/bin/strip
configure:5700: result: strip
configure:5772: checking for ranlib
configure:5788: found /usr/bin/ranlib
configure:5799: result: ranlib
configure:5901: checking command to parse /usr/bin/nm -B output from gcc object
configure:6054: gcc -c -g -O2  conftest.c >&5
configure:6057: $? = 0
configure:6061: /usr/bin/nm -B conftest.o | sed -n -e 's/^.*[	 ]\([ABCDGIRSTW][ABCDGIRSTW]*\)[	 ][	 ]*\([_A-Za-z][_A-Za-z0-9]*\)$/\1 \2 \2/p' | sed '/ __gnu_lto/d' > conftest.nm
configure:6127: gcc -o conftest -g -O2   conftest.c conftstm.o >&5
configure:6130: $? = 0
configure:6168: result: ok
configure:6215: checking for sysroot
configure:6245: result: no
configure:6252: checking for a working dd
configure:6290: result: /usr/bin/dd
configure:6294: checking how to truncate binary pipes
configure:6309: result: /usr/bin/dd bs=4096 count=1
configure:6445: gcc -c -g -O2  conftest.c >&5
configure:6448: $? = 0
configure:6638: checking for mt
configure:6654: found /usr/bin/mt
configure:6665: result: mt
configure:6688: checking if mt is a manifest tool
configure:6694: mt '-?'
configure:6702: result: no
configure:7379: checking how to run the C preprocessor
configure:7410: gcc -E  conftest.c
configure:7410: $? = 0
configure:7424: gcc -E  conftest.c
conftest.c:11:10: fatal error: ac_nonexistent.h: No such file or directory
   11 | #include <ac_nonexistent.h>
      |          ^~~~~~~~~~~~~~~~~~
compilation terminated.
configure:7424: $? = 1
configure: failed program was:
| /* confdefs.h */
| #define PACKAGE_NAME "pack"
| #define PACKAGE_TARNAME "pack"
| #define PACKAGE_VERSION "0.0.0"
| #define PACKAGE_STRING "pack 0.0.0"
| #define PACKAGE_BUGREPORT "nikita.shubin@kemeke.ru"
| #define PACKAGE_URL ""
| #define PACKAGE "pack"
| #define VERSION "0.0.0"
| /* end confdefs.h.  */
| #include <ac_nonexistent.h>
configure:7449: result: gcc -E
configure:7469: gcc -E  conftest.c
configure:7469: $? = 0
configure:7483: gcc -E  conftest.c
conftest.c:11:10: fatal error: ac_nonexistent.h: No such file or directory
   11 | #include <ac_nonexistent.h>
      |          ^~~~~~~~~~~~~~~~~~
compilation terminated.
configure:7483: $? = 1
configure: failed program was:
| /* confdefs.h */
| #define PACKAGE_NAME "pack"
| #define PACKAGE_TARNAME "pack"
| #define PACKAGE_VERSION "0.0.0"
| #define PACKAGE_STRING "pack 0.0.0"
| #define PACKAGE_BUGREPORT "nikita.shubin@kemeke.ru"
| #define PACKAGE_URL ""
| #define PACKAGE "pack"
| #define VERSION "0.0.0"
| /* end confdefs.h.  */
| #include <ac_nonexistent.h>
configure:7512: checking for ANSI C header files
configure:7532: gcc -c -g -O2  conftest.c >&5
configure:7532: $? = 0
configure:7605: gcc -o conftest -g -O2   conftest.c  >&5
configure:7605: $? = 0
configure:7605: ./conftest
configure:7605: $? = 0
configure:7616: result: yes
configure:7629: checking for sys/types.h
configure:7629: gcc -c -g -O2  conftest.c >&5
configure:7629: $? = 0
configure:7629: result: yes
configure:7629: checking for sys/stat.h
configure:7629: gcc -c -g -O2  conftest.c >&5
configure:7629: $? = 0
configure:7629: result: yes
configure:7629: checking for stdlib.h
configure:7629: gcc -c -g -O2  conftest.c >&5
configure:7629: $? = 0
configure:7629: result: yes
configure:7629: checking for string.h
configure:7629: gcc -c -g -O2  conftest.c >&5
configure:7629: $? = 0
configure:7629: result: yes
configure:7629: checking for memory.h
configure:7629: gcc -c -g -O2  conftest.c >&5
configure:7629: $? = 0
configure:7629: result: yes
configure:7629: checking for strings.h
configure:7629: gcc -c -g -O2  conftest.c >&5
configure:7629: $? = 0
configure:7629: result: yes
configure:7629: checking for inttypes.h
configure:7629: gcc -c -g -O2  conftest.c >&5
configure:7629: $? = 0
configure:7629: result: yes
configure:7629: checking for stdint.h
configure:7629: gcc -c -g -O2  conftest.c >&5
configure:7629: $? = 0
configure:7629: result: yes
configure:7629: checking for unistd.h
configure:7629: gcc -c -g -O2  conftest.c >&5
configure:7629: $? = 0
configure:7629: result: yes
configure:7643: checking for dlfcn.h
configure:7643: gcc -c -g -O2  conftest.c >&5
configure:7643: $? = 0
configure:7643: result: yes
configure:7899: checking for objdir
configure:7914: result: .libs
configure:8178: checking if gcc supports -fno-rtti -fno-exceptions
configure:8196: gcc -c -g -O2  -fno-rtti -fno-exceptions conftest.c >&5
cc1: warning: command line option '-fno-rtti' is valid for C++/D/ObjC++ but not for C
configure:8200: $? = 0
configure:8213: result: no
configure:8577: checking for gcc option to produce PIC
configure:8584: result: -fPIC -DPIC
configure:8592: checking if gcc PIC flag -fPIC -DPIC works
configure:8610: gcc -c -g -O2  -fPIC -DPIC -DPIC conftest.c >&5
configure:8614: $? = 0
configure:8627: result: yes
configure:8656: checking if gcc static flag -static works
configure:8684: result: yes
configure:8699: checking if gcc supports -c -o file.o
configure:8720: gcc -c -g -O2  -o out/conftest2.o conftest.c >&5
configure:8724: $? = 0
configure:8746: result: yes
configure:8754: checking if gcc supports -c -o file.o
configure:8801: result: yes
configure:8834: checking whether the gcc linker (/usr/bin/ld -m elf_x86_64) supports shared libraries
configure:10097: result: yes
configure:10134: checking whether -lc should be explicitly linked in
configure:10142: gcc -c -g -O2  conftest.c >&5
configure:10145: $? = 0
configure:10160: gcc -shared  -fPIC -DPIC conftest.o  -v -Wl,-soname -Wl,conftest -o conftest 2\>\&1 \| /usr/bin/grep  -lc  \>/dev/null 2\>\&1
configure:10163: $? = 0
configure:10177: result: no
configure:10337: checking dynamic linker characteristics
configure:10918: gcc -o conftest -g -O2   -Wl,-rpath -Wl,/foo conftest.c  >&5
configure:10918: $? = 0
configure:11167: result: GNU/Linux ld.so
configure:11289: checking how to hardcode library paths into programs
configure:11314: result: immediate
configure:11862: checking whether stripping libraries is possible
configure:11867: result: yes
configure:11902: checking if libtool supports shared libraries
configure:11904: result: yes
configure:11907: checking whether to build shared libraries
configure:11932: result: yes
configure:11935: checking whether to build static libraries
configure:11939: result: yes
configure:8759: checking for stdlib.h
configure:8759: result: yes
configure:8792: checking for stdbool.h that conforms to C99
configure:8859: gcc -c -g -O2  conftest.c >&5
configure:8859: $? = 0
configure:8866: result: yes
configure:8868: checking for _Bool
configure:8868: gcc -c -g -O2  conftest.c >&5
configure:8868: $? = 0
configure:8868: gcc -c -g -O2  conftest.c >&5
conftest.c: In function 'main':
conftest.c:60:20: error: expected expression before ')' token
   60 | if (sizeof ((_Bool)))
      |                    ^
configure:8868: $? = 1
configure: failed program was:
| /* confdefs.h */
| #define PACKAGE_NAME "pack"
| #define PACKAGE_TARNAME "pack"
| #define PACKAGE_VERSION "0.0.0"
| #define PACKAGE_STRING "pack 0.0.0"
| #define PACKAGE_BUGREPORT "nikita.shubin@kemeke.ru"
| #define PACKAGE_URL ""
| #define PACKAGE "pack"
| #define VERSION "0.0.0"
| #define STDC_HEADERS 1
| #define HAVE_SYS_TYPES_H 1
| #define HAVE_SYS_STAT_H 1
| #define HAVE_STDLIB_H 1
| #define HAVE_STRING_H 1
| #define HAVE_MEMORY_H 1
| #define HAVE_STRINGS_H 1
| #define HAVE_INTTYPES_H 1
| #define HAVE_STDINT_H 1
| #define HAVE_UNISTD_H 1
| #define HAVE_DLFCN_H 1
| #define LT_OBJDIR ".libs/"
| #define HAVE_STDLIB_H 1
| /* end confdefs.h.  */
| #include <stdio.h>
| #ifdef HAVE_SYS_TYPES_H
| # include <sys/types.h>
| #endif
| #ifdef HAVE_SYS_STAT_H
| # include <sys/stat.h>
| #endif
| #ifdef STDC_HEADERS
| # include <stdlib.h>
| # include <stddef.h>
| #else
| # ifdef HAVE_STDLIB_H
| #  include <stdlib.h>
| # endif
| #endif
| #ifdef HAVE_STRING_H
| # if !defined STDC_HEADERS && defined HAVE_MEMORY_H
| #  include <memory.h>
| # endif
| # include <string.h>
| #endif
| #ifdef HAVE_STRINGS_H
| # include <strings.h>
| #endif
| #ifdef HAVE_INTTYPES_H
| # include <inttypes.h>
| #endif
| #ifdef HAVE_STDINT_H
| # include <stdint.h>
| #endif
| #ifdef HAVE_UNISTD_H
| # include <unistd.h>
| #endif
| int
| main ()
| {
| if (sizeof ((_Bool)))
| 	    return 0;
|   ;
|   return 0;
| }
configure:8868: result: yes
configure:8885: checking for inline
configure:8901: gcc -c -g -O2  conftest.c >&5
configure:8901: $? = 0
configure:8909: result: inline
configure:8927: checking for size_t
configure:8927: gcc -c -g -O2  conftest.c >&5
configure:8927: $? = 0
configure:8927: gcc -c -g -O2  conftest.c >&5
conftest.c: In function 'main':
conftest.c:62:21: error: expected expression before ')' token
   62 | if (sizeof ((size_t)))
      |                     ^
configure:8927: $? = 1
configure: failed program was:
| /* confdefs.h */
| #define PACKAGE_NAME "pack"
| #define PACKAGE_TARNAME "pack"
| #define PACKAGE_VERSION "0.0.0"
| #define PACKAGE_STRING "pack 0.0.0"
| #define PACKAGE_BUGREPORT "nikita.shubin@kemeke.ru"
| #define PACKAGE_URL ""
| #define PACKAGE "pack"
| #define VERSION "0.0.0"
| #define STDC_HEADERS 1
| #define HAVE_SYS_TYPES_H 1
| #define HAVE_SYS_STAT_H 1
| #define HAVE_STDLIB_H 1
| #define HAVE_STRING_H 1
| #define HAVE_MEMORY_H 1
| #define HAVE_STRINGS_H 1
| #define HAVE_INTTYPES_H 1
| #define HAVE_STDINT_H 1
| #define HAVE_UNISTD_H 1
| #define HAVE_DLFCN_H 1
| #define LT_OBJDIR ".libs/"
| #define HAVE_STDLIB_H 1
| #define HAVE__BOOL 1
| #define HAVE_STDBOOL_H 1
| /* end confdefs.h.  */
| #include <stdio.h>
| #ifdef HAVE_SYS_TYPES_H
| # include <sys/types.h>
| #endif
| #ifdef HAVE_SYS_STAT_H
| # include <sys/stat.h>
| #endif
| #ifdef STDC_HEADERS
| # include <stdlib.h>
| # include <stddef.h>
| #else
| # ifdef HAVE_STDLIB_H
| #  include <stdlib.h>
| # endif
| #endif
| #ifdef HAVE_STRING_H
| # if !defined STDC_HEADERS && defined HAVE_MEMORY_H
| #  include <memory.h>
| # endif
| # include <string.h>
| #endif
| #ifdef HAVE_STRINGS_H
| # include <strings.h>
| #endif
| #ifdef HAVE_INTTYPES_H
| # include <inttypes.h>
| #endif
| #ifdef HAVE_STDINT_H
| # include <stdint.h>
| #endif
| #ifdef HAVE_UNISTD_H
| # include <unistd.h>
| #endif
| int
| main ()
| {
| if (sizeof ((size_t)))
| 	    return 0;
|   ;
|   return 0;
| }
configure:8927: result: yes
configure:9047: checking that generated files are newer than configure
configure:9053: result: done
configure:9080: creating ./config.status

## ---------------------- ##
## Running config.status. ##
## ---------------------- ##

This file was extended by pack config.status 0.0.0, which was
generated by GNU Autoconf 2.69.  Invocation command line was

  CONFIG_FILES    = 
  CONFIG_HEADERS  = 
  CONFIG_LINKS    = 
  CONFIG_COMMANDS = 
  $ ./config.status 

on vbUbuntu

config.status:1087: creating Makefile
config.status:1087: creating src/Makefile
config.status:1087: creating config.h
config.status:1316: executing depfiles commands
config.status:1393: cd src       && sed -e '/# am--include-marker/d' Makefile         | make -f - am--depfiles
config.status:1398: $? = 0
config.status:1316: executing libtool commands

## ---------------- ##
## Cache variables. ##
## ---------------- ##

ac_cv_build=x86_64-pc-linux-gnu
ac_cv_c_compiler_gnu=yes
ac_cv_c_inline=inline
ac_cv_env_CC_set=
ac_cv_env_CC_value=
ac_cv_env_CFLAGS_set=
ac_cv_env_CFLAGS_value=
ac_cv_env_CPPFLAGS_set=
ac_cv_env_CPPFLAGS_value=
ac_cv_env_CPP_set=
ac_cv_env_CPP_value=
ac_cv_env_LDFLAGS_set=
ac_cv_env_LDFLAGS_value=
ac_cv_env_LIBS_set=
ac_cv_env_LIBS_value=
ac_cv_env_LT_SYS_LIBRARY_PATH_set=
ac_cv_env_LT_SYS_LIBRARY_PATH_value=
ac_cv_env_build_alias_set=
ac_cv_env_build_alias_value=
ac_cv_env_host_alias_set=
ac_cv_env_host_alias_value=
ac_cv_env_target_alias_set=
ac_cv_env_target_alias_value=
ac_cv_header_dlfcn_h=yes
ac_cv_header_inttypes_h=yes
ac_cv_header_memory_h=yes
ac_cv_header_stdbool_h=yes
ac_cv_header_stdc=yes
ac_cv_header_stdint_h=yes
ac_cv_header_stdlib_h=yes
ac_cv_header_string_h=yes
ac_cv_header_strings_h=yes
ac_cv_header_sys_stat_h=yes
ac_cv_header_sys_types_h=yes
ac_cv_header_unistd_h=yes
ac_cv_host=x86_64-pc-linux-gnu
ac_cv_objext=o
ac_cv_path_EGREP='/usr/bin/grep -E'
ac_cv_path_FGREP='/usr/bin/grep -F'
ac_cv_path_GREP=/usr/bin/grep
ac_cv_path_SED=/usr/bin/sed
ac_cv_path_install='/usr/bin/install -c'
ac_cv_path_lt_DD=/usr/bin/dd
ac_cv_path_mkdir=/usr/bin/mkdir
ac_cv_prog_AWK=mawk
ac_cv_prog_CPP='gcc -E'
ac_cv_prog_ac_ct_AR=ar
ac_cv_prog_ac_ct_CC=gcc
ac_cv_prog_ac_ct_MANIFEST_TOOL=mt
ac_cv_prog_ac_ct_OBJDUMP=objdump
ac_cv_prog_ac_ct_RANLIB=ranlib
ac_cv_prog_ac_ct_STRIP=strip
ac_cv_prog_cc_c89=
ac_cv_prog_cc_g=yes
ac_cv_prog_make_make_set=yes
ac_cv_type__Bool=yes
ac_cv_type_size_t=yes
am_cv_CC_dependencies_compiler_type=gcc3
am_cv_make_support_nested_variables=yes
am_cv_prog_cc_c_o=yes
lt_cv_ar_at_file=@
lt_cv_archive_cmds_need_lc=no
lt_cv_deplibs_check_method=pass_all
lt_cv_file_magic_cmd='$MAGIC_CMD'
lt_cv_file_magic_test_file=
lt_cv_ld_reload_flag=-r
lt_cv_nm_interface='BSD nm'
lt_cv_objdir=.libs
lt_cv_path_LD=/usr/bin/ld
lt_cv_path_NM='/usr/bin/nm -B'
lt_cv_path_mainfest_tool=no
lt_cv_prog_compiler_c_o=yes
lt_cv_prog_compiler_pic='-fPIC -DPIC'
lt_cv_prog_compiler_pic_works=yes
lt_cv_prog_compiler_rtti_exceptions=no
lt_cv_prog_compiler_static_works=yes
lt_cv_prog_gnu_ld=yes
lt_cv_sharedlib_from_linklib_cmd='printf %s\n'
lt_cv_shlibpath_overrides_runpath=yes
lt_cv_sys_global_symbol_pipe='sed -n -e '\''s/^.*[	 ]\([ABCDGIRSTW][ABCDGIRSTW]*\)[	 ][	 ]*\([_A-Za-z][_A-Za-z0-9]*\)$/\1 \2 \2/p'\'' | sed '\''/ __gnu_lto/d'\'''
lt_cv_sys_global_symbol_to_c_name_address='sed -n -e '\''s/^: \(.*\) .*$/  {"\1", (void *) 0},/p'\'' -e '\''s/^[ABCDGIRSTW][ABCDGIRSTW]* .* \(.*\)$/  {"\1", (void *) \&\1},/p'\'''
lt_cv_sys_global_symbol_to_c_name_address_lib_prefix='sed -n -e '\''s/^: \(.*\) .*$/  {"\1", (void *) 0},/p'\'' -e '\''s/^[ABCDGIRSTW][ABCDGIRSTW]* .* \(lib.*\)$/  {"\1", (void *) \&\1},/p'\'' -e '\''s/^[ABCDGIRSTW][ABCDGIRSTW]* .* \(.*\)$/  {"lib\1", (void *) \&\1},/p'\'''
lt_cv_sys_global_symbol_to_cdecl='sed -n -e '\''s/^T .* \(.*\)$/extern int \1();/p'\'' -e '\''s/^[ABCDGIRSTW][ABCDGIRSTW]* .* \(.*\)$/extern char \1;/p'\'''
lt_cv_sys_global_symbol_to_import=
lt_cv_sys_max_cmd_len=1572864
lt_cv_to_host_file_cmd=func_convert_file_noop
lt_cv_to_tool_file_cmd=func_convert_file_noop
lt_cv_truncate_bin='/usr/bin/dd bs=4096 count=1'

## ----------------- ##
## Output variables. ##
## ----------------- ##

ACLOCAL='${SHELL} /home/sergey/Program/Kemek/bessel-apps/libpack/missing aclocal-1.16'
AMDEPBACKSLASH='\'
AMDEP_FALSE='#'
AMDEP_TRUE=''
AMTAR='$${TAR-tar}'
AM_BACKSLASH='\'
AM_DEFAULT_V='$(AM_DEFAULT_VERBOSITY)'
AM_DEFAULT_VERBOSITY='1'
AM_V='$(V)'
AR='ar'
AUTOCONF='${SHELL} /home/sergey/Program/Kemek/bessel-apps/libpack/missing autoconf'
AUTOHEADER='${SHELL} /home/sergey/Program/Kemek/bessel-apps/libpack/missing autoheader'
AUTOMAKE='${SHELL} /home/sergey/Program/Kemek/bessel-apps/libpack/missing automake-1.16'
AWK='mawk'
CC='gcc'
CCDEPMODE='depmode=gcc3'
CFLAGS='-g -O2'
CPP='gcc -E'
CPPFLAGS=''
CYGPATH_W='echo'
DEBUG_FALSE=''
DEBUG_TRUE='#'
DEFS='-DHAVE_CONFIG_H'
DEPDIR='.deps'
DLLTOOL='false'
DSYMUTIL=''
DUMPBIN=''
ECHO_C=''
ECHO_N='-n'
ECHO_T=''
EGREP='/usr/bin/grep -E'
EXEEXT=''
FGREP='/usr/bin/grep -F'
GREP='/usr/bin/grep'
INSTALL_DATA='${INSTALL} -m 644'
INSTALL_PROGRAM='${INSTALL}'
INSTALL_SCRIPT='${INSTALL}'
INSTALL_STRIP_PROGRAM='$(install_sh) -c -s'
LD='/usr/bin/ld -m elf_x86_64'
LDFLAGS=''
LIBOBJS=''
LIBS=''
LIBTOOL='$(SHELL) $(top_builddir)/libtool'
LIBTOOL_DEPS='./ltmain.sh'
LIPO=''
LN_S='ln -s'
LTLIBOBJS=''
LT_SYS_LIBRARY_PATH=''
MAKEINFO='${SHELL} /home/sergey/Program/Kemek/bessel-apps/libpack/missing makeinfo'
MANIFEST_TOOL=':'
MKDIR_P='/usr/bin/mkdir -p'
NM='/usr/bin/nm -B'
NMEDIT=''
OBJDUMP='objdump'
OBJEXT='o'
OTOOL64=''
OTOOL=''
PACKAGE='pack'
PACKAGE_BUGREPORT='nikita.shubin@kemeke.ru'
PACKAGE_NAME='pack'
PACKAGE_STRING='pack 0.0.0'
PACKAGE_TARNAME='pack'
PACKAGE_URL=''
PACKAGE_VERSION='0.0.0'
PATH_SEPARATOR=':'
RANLIB='ranlib'
SED='/usr/bin/sed'
SET_MAKE=''
SHELL='/bin/bash'
STRIP='strip'
VERSION='0.0.0'
ac_ct_AR='ar'
ac_ct_CC='gcc'
ac_ct_DUMPBIN=''
am__EXEEXT_FALSE=''
am__EXEEXT_TRUE='#'
am__fastdepCC_FALSE='#'
am__fastdepCC_TRUE=''
am__include='include'
am__isrc=''
am__leading_dot='.'
am__nodep='_no'
am__quote=''
am__tar='$${TAR-tar} chof - "$$tardir"'
am__untar='$${TAR-tar} xf -'
bindir='${exec_prefix}/bin'
build='x86_64-pc-linux-gnu'
build_alias=''
build_cpu='x86_64'
build_os='linux-gnu'
build_vendor='pc'
datadir='${datarootdir}'
datarootdir='${prefix}/share'
docdir='${datarootdir}/doc/${PACKAGE_TARNAME}'
dvidir='${docdir}'
exec_prefix='${prefix}'
host='x86_64-pc-linux-gnu'
host_alias=''
host_cpu='x86_64'
host_os='linux-gnu'
host_vendor='pc'
htmldir='${docdir}'
includedir='${prefix}/include'
infodir='${datarootdir}/info'
install_sh='${SHELL} /home/sergey/Program/Kemek/bessel-apps/libpack/install-sh'
libdir='${exec_prefix}/lib'
libexecdir='${exec_prefix}/libexec'
localedir='${datarootdir}/locale'
localstatedir='${prefix}/var'
mandir='${datarootdir}/man'
mkdir_p='$(MKDIR_P)'
oldincludedir='/usr/include'
pdfdir='${docdir}'
prefix=''
program_transform_name='s,x,x,'
psdir='${docdir}'
runstatedir='${localstatedir}/run'
sbindir='${exec_prefix}/sbin'
sharedstatedir='${prefix}/com'
sysconfdir='${prefix}/etc'
target_alias=''

## ----------- ##
## confdefs.h. ##
## ----------- ##

/* confdefs.h */
#define PACKAGE_NAME "pack"
#define PACKAGE_TARNAME "pack"
#define PACKAGE_VERSION "0.0.0"
#define PACKAGE_STRING "pack 0.0.0"
#define PACKAGE_BUGREPORT "nikita.shubin@kemeke.ru"
#define PACKAGE_URL ""
#define PACKAGE "pack"
#define VERSION "0.0.0"
#define STDC_HEADERS 1
#define HAVE_SYS_TYPES_H 1
#define HAVE_SYS_STAT_H 1
#define HAVE_STDLIB_H 1
#define HAVE_STRING_H 1
#define HAVE_MEMORY_H 1
#define HAVE_STRINGS_H 1
#define HAVE_INTTYPES_H 1
#define HAVE_STDINT_H 1
#define HAVE_UNISTD_H 1
#define HAVE_DLFCN_H 1
#define LT_OBJDIR ".libs/"
#define HAVE_STDLIB_H 1
#define HAVE__BOOL 1
#define HAVE_STDBOOL_H 1

configure: exit 0
